<?xml version="1.0" encoding="UTF-8"?>
<testng-results ignored="0" total="3" passed="3" failed="0" skipped="0">
  <reporter-output>
  </reporter-output>
  <suite started-at="2021-05-24T12:27:32 PDT" name="Suite" finished-at="2021-05-24T12:27:32 PDT" duration-ms="54">
    <groups>
    </groups>
    <test started-at="2021-05-24T12:27:32 PDT" name="Test" finished-at="2021-05-24T12:27:32 PDT" duration-ms="54">
      <class name="pack3.Day2">
        <test-method signature="Demo1()[pri:0, instance:pack3.Day2@672872e1]" started-at="2021-05-24T12:27:32 PDT" name="Demo1" finished-at="2021-05-24T12:27:32 PDT" duration-ms="8" status="PASS">
          <reporter-output>
          </reporter-output>
        </test-method> <!-- Demo1 -->
      </class> <!-- pack3.Day2 -->
      <class name="pack3.Day1">
        <test-method signature="Demo()[pri:0, instance:pack3.Day1@dd0c991]" started-at="2021-05-24T12:27:32 PDT" name="Demo" finished-at="2021-05-24T12:27:32 PDT" duration-ms="1" status="PASS">
          <reporter-output>
          </reporter-output>
        </test-method> <!-- Demo -->
        <test-method signature="Demo1()[pri:0, instance:pack3.Day1@dd0c991]" started-at="2021-05-24T12:27:32 PDT" name="Demo1" finished-at="2021-05-24T12:27:32 PDT" duration-ms="2" status="PASS">
          <reporter-output>
          </reporter-output>
        </test-method> <!-- Demo1 -->
      </class> <!-- pack3.Day1 -->
    </test> <!-- Test -->
  </suite> <!-- Suite -->
</testng-results>
